<?xml version="1.0" encoding="UTF-8"?>
<!-- Generated by org.testng.reporters.JUnitReportReporter -->
<testsuite hostname="COLLABPH1003073" failures="0" tests="1" name="collabera.LongPressGesture" time="7.106" errors="0" timestamp="2023-10-24T12:16:14 SGT" skipped="0">
  <testcase classname="collabera.LongPressGesture" name="longPress" time="7.106"/>
  <system-out/>
</testsuite> <!-- collabera.LongPressGesture -->
