<?xml version="1.0" encoding="UTF-8"?>
<!-- Generated by org.testng.reporters.JUnitReportReporter -->
<testsuite hostname="COLLABPH1003073" failures="0" tests="1" name="collabera.LaunchApplication" time="15.356" errors="0" timestamp="2023-10-25T10:00:15 SGT" skipped="0">
  <testcase classname="collabera.LaunchApplication" name="launchApp" time="15.356"/>
  <system-out/>
</testsuite> <!-- collabera.LaunchApplication -->
